#
# There is insufficient memory for the Java Runtime Environment to continue.
# Native memory allocation (malloc) failed to allocate 1949296 bytes for Chunk::new
# Possible reasons:
#   The system is out of physical RAM or swap space
#   The process is running with CompressedOops enabled, and the Java Heap may be blocking the growth of the native heap
# Possible solutions:
#   Reduce memory load on the system
#   Increase physical memory or swap space
#   Check if swap backing store is full
#   Decrease Java heap size (-Xmx/-Xms)
#   Decrease number of Java threads
#   Decrease Java thread stack sizes (-Xss)
#   Set larger code cache with -XX:ReservedCodeCacheSize=
#   JVM is running with Zero Based Compressed Oops mode in which the Java heap is
#     placed in the first 32GB address space. The Java Heap base address is the
#     maximum limit for the native heap growth. Please use -XX:HeapBaseMinAddress
#     to set the Java Heap base and to place the Java Heap above 32GB virtual address.
# This output file may be truncated or incomplete.
#
#  Out of Memory Error (arena.cpp:189), pid=27904, tid=32696
#
# JRE version: Java(TM) SE Runtime Environment (17.0.12+8) (build 17.0.12+8-LTS-286)
# Java VM: Java HotSpot(TM) 64-Bit Server VM (17.0.12+8-LTS-286, mixed mode, sharing, tiered, compressed oops, compressed class ptrs, g1 gc, windows-amd64)
# No core dump will be written. Minidumps are not enabled by default on client versions of Windows
#

---------------  S U M M A R Y ------------

Command Line: -Dfile.encoding=UTF-8 -Duser.country=KR -Duser.language=ko -Duser.variant com.intern.onesync.OnesyncApplication

Host: 11th Gen Intel(R) Core(TM) i7-1165G7 @ 2.80GHz, 8 cores, 15G,  Windows 10 , 64 bit Build 19041 (10.0.19041.5198)
Time: Wed Dec 18 16:36:35 2024  Windows 10 , 64 bit Build 19041 (10.0.19041.5198) elapsed time: 26.013544 seconds (0d 0h 0m 26s)

---------------  T H R E A D  ---------------

Current thread (0x000001b0ee4e1ae0):  JavaThread "C2 CompilerThread1" daemon [_thread_in_native, id=32696, stack(0x0000004dcf200000,0x0000004dcf300000)]


Current CompileTask:
C2:  26014 7531   !   4       org.springframework.core.annotation.AnnotationsScanner::processMethodHierarchy (276 bytes)

Stack: [0x0000004dcf200000,0x0000004dcf300000]
Native frames: (J=compiled Java code, j=interpreted, Vv=VM code, C=native code)
V  [jvm.dll+0x67a04a]
V  [jvm.dll+0x7da4ed]
V  [jvm.dll+0x7dbe33]
V  [jvm.dll+0x7dc4a3]
V  [jvm.dll+0x24508f]
V  [jvm.dll+0xab773]
V  [jvm.dll+0xabd3c]
V  [jvm.dll+0x361b9f]
V  [jvm.dll+0x32c431]
V  [jvm.dll+0x32b8ca]
V  [jvm.dll+0x21683f]
V  [jvm.dll+0x215c6f]
V  [jvm.dll+0x1a2960]
V  [jvm.dll+0x22610b]
V  [jvm.dll+0x2242ab]
V  [jvm.dll+0x79075c]
V  [jvm.dll+0x78abea]
V  [jvm.dll+0x678f35]
C  [ucrtbase.dll+0x21bb2]
C  [KERNEL32.DLL+0x17374]
C  [ntdll.dll+0x4cc91]


---------------  P R O C E S S  ---------------

Threads class SMR info:
_java_thread_list=0x000001b0f3ace6d0, length=32, elements={
0x000001b085a64320, 0x000001b085a64df0, 0x000001b085a74bb0, 0x000001b085a78aa0,
0x000001b085a7b480, 0x000001b085a7bd50, 0x000001b085a7c950, 0x000001b0a8c75f60,
0x000001b0a8c76870, 0x000001b0a8efb620, 0x000001b0a8eff330, 0x000001b0ef321af0,
0x000001b0f16239c0, 0x000001b0f2b97ba0, 0x000001b0f1a96f90, 0x000001b0f1a9a230,
0x000001b0ee4e1ae0, 0x000001b0f26aed80, 0x000001b0ef8f1120, 0x000001b0f26ae360,
0x000001b0f26aa190, 0x000001b0f26ad430, 0x000001b0f26a8840, 0x000001b0f26a7910,
0x000001b0f26acf20, 0x000001b0f26abff0, 0x000001b0f26ad940, 0x000001b0f26af290,
0x000001b0f26aa6a0, 0x000001b0f26ac500, 0x000001b0f26aabb0, 0x000001b0f26a7e20
}

Java Threads: ( => current thread )
  0x000001b085a64320 JavaThread "Reference Handler" daemon [_thread_blocked, id=12792, stack(0x0000004dcd800000,0x0000004dcd900000)]
  0x000001b085a64df0 JavaThread "Finalizer" daemon [_thread_blocked, id=33660, stack(0x0000004dcd900000,0x0000004dcda00000)]
  0x000001b085a74bb0 JavaThread "Signal Dispatcher" daemon [_thread_blocked, id=40028, stack(0x0000004dcda00000,0x0000004dcdb00000)]
  0x000001b085a78aa0 JavaThread "Attach Listener" daemon [_thread_blocked, id=39612, stack(0x0000004dcdb00000,0x0000004dcdc00000)]
  0x000001b085a7b480 JavaThread "Service Thread" daemon [_thread_blocked, id=29100, stack(0x0000004dcdc00000,0x0000004dcdd00000)]
  0x000001b085a7bd50 JavaThread "Monitor Deflation Thread" daemon [_thread_blocked, id=40756, stack(0x0000004dcdd00000,0x0000004dcde00000)]
  0x000001b085a7c950 JavaThread "C2 CompilerThread0" daemon [_thread_in_native, id=15256, stack(0x0000004dcde00000,0x0000004dcdf00000)]
  0x000001b0a8c75f60 JavaThread "C1 CompilerThread0" daemon [_thread_blocked, id=24432, stack(0x0000004dcdf00000,0x0000004dce000000)]
  0x000001b0a8c76870 JavaThread "Sweeper thread" daemon [_thread_blocked, id=37956, stack(0x0000004dce000000,0x0000004dce100000)]
  0x000001b0a8efb620 JavaThread "Notification Thread" daemon [_thread_blocked, id=26820, stack(0x0000004dce100000,0x0000004dce200000)]
  0x000001b0a8eff330 JavaThread "Common-Cleaner" daemon [_thread_blocked, id=21452, stack(0x0000004dce300000,0x0000004dce400000)]
  0x000001b0ef321af0 JavaThread "Catalina-utility-1" [_thread_blocked, id=40196, stack(0x0000004dcee00000,0x0000004dcef00000)]
  0x000001b0f16239c0 JavaThread "Catalina-utility-2" [_thread_blocked, id=29588, stack(0x0000004dcef00000,0x0000004dcf000000)]
  0x000001b0f2b97ba0 JavaThread "container-0" [_thread_blocked, id=13408, stack(0x0000004dcf000000,0x0000004dcf100000)]
  0x000001b0f1a96f90 JavaThread "mysql-cj-abandoned-connection-cleanup" daemon [_thread_blocked, id=30944, stack(0x0000004dcf100000,0x0000004dcf200000)]
  0x000001b0f1a9a230 JavaThread "HikariPool-1 housekeeper" daemon [_thread_blocked, id=30744, stack(0x0000004dcec00000,0x0000004dced00000)]
=>0x000001b0ee4e1ae0 JavaThread "C2 CompilerThread1" daemon [_thread_in_native, id=32696, stack(0x0000004dcf200000,0x0000004dcf300000)]
  0x000001b0f26aed80 JavaThread "lettuce-timer-3-1" daemon [_thread_blocked, id=28468, stack(0x0000004dcf500000,0x0000004dcf600000)]
  0x000001b0ef8f1120 JavaThread "C2 CompilerThread2" daemon [_thread_in_native, id=16508, stack(0x0000004dcf300000,0x0000004dcf400000)]
  0x000001b0f26ae360 JavaThread "http-nio-8080-exec-1" daemon [_thread_blocked, id=14424, stack(0x0000004dcf600000,0x0000004dcf700000)]
  0x000001b0f26aa190 JavaThread "http-nio-8080-exec-2" daemon [_thread_blocked, id=26272, stack(0x0000004dcf700000,0x0000004dcf800000)]
  0x000001b0f26ad430 JavaThread "http-nio-8080-exec-3" daemon [_thread_blocked, id=38012, stack(0x0000004dcf800000,0x0000004dcf900000)]
  0x000001b0f26a8840 JavaThread "http-nio-8080-exec-4" daemon [_thread_blocked, id=12960, stack(0x0000004dcf900000,0x0000004dcfa00000)]
  0x000001b0f26a7910 JavaThread "http-nio-8080-exec-5" daemon [_thread_blocked, id=40772, stack(0x0000004dcfa00000,0x0000004dcfb00000)]
  0x000001b0f26acf20 JavaThread "http-nio-8080-exec-6" daemon [_thread_blocked, id=2492, stack(0x0000004dcfb00000,0x0000004dcfc00000)]
  0x000001b0f26abff0 JavaThread "http-nio-8080-exec-7" daemon [_thread_blocked, id=24912, stack(0x0000004dcfc00000,0x0000004dcfd00000)]
  0x000001b0f26ad940 JavaThread "http-nio-8080-exec-8" daemon [_thread_blocked, id=5668, stack(0x0000004dcfd00000,0x0000004dcfe00000)]
  0x000001b0f26af290 JavaThread "http-nio-8080-exec-9" daemon [_thread_blocked, id=30780, stack(0x0000004dcfe00000,0x0000004dcff00000)]
  0x000001b0f26aa6a0 JavaThread "http-nio-8080-exec-10" daemon [_thread_blocked, id=33328, stack(0x0000004dcff00000,0x0000004dd0000000)]
  0x000001b0f26ac500 JavaThread "http-nio-8080-Poller" daemon [_thread_in_native, id=38332, stack(0x0000004dd0000000,0x0000004dd0100000)]
  0x000001b0f26aabb0 JavaThread "http-nio-8080-Acceptor" daemon [_thread_in_native, id=29644, stack(0x0000004dd0100000,0x0000004dd0200000)]
  0x000001b0f26a7e20 JavaThread "DestroyJavaVM" [_thread_blocked, id=25912, stack(0x0000004dcd100000,0x0000004dcd200000)]

Other Threads:
  0x000001b085a62980 VMThread "VM Thread" [stack: 0x0000004dcd700000,0x0000004dcd800000] [id=37400]
  0x000001b08593e720 WatcherThread [stack: 0x0000004dce200000,0x0000004dce300000] [id=37840]
  0x000001b085911570 GCTaskThread "GC Thread#0" [stack: 0x0000004dcd200000,0x0000004dcd300000] [id=15536]
  0x000001b0ee810f10 GCTaskThread "GC Thread#1" [stack: 0x0000004dce500000,0x0000004dce600000] [id=28528]
  0x000001b0ee8111d0 GCTaskThread "GC Thread#2" [stack: 0x0000004dce600000,0x0000004dce700000] [id=16048]
  0x000001b0eed45eb0 GCTaskThread "GC Thread#3" [stack: 0x0000004dce700000,0x0000004dce800000] [id=19100]
  0x000001b0eed46170 GCTaskThread "GC Thread#4" [stack: 0x0000004dce800000,0x0000004dce900000] [id=39316]
  0x000001b0eed46430 GCTaskThread "GC Thread#5" [stack: 0x0000004dce900000,0x0000004dcea00000] [id=41948]
  0x000001b0eec4cd10 GCTaskThread "GC Thread#6" [stack: 0x0000004dceb00000,0x0000004dcec00000] [id=26468]
  0x000001b0ef447eb0 GCTaskThread "GC Thread#7" [stack: 0x0000004dcea00000,0x0000004dceb00000] [id=36884]
  0x000001b085922de0 ConcurrentGCThread "G1 Main Marker" [stack: 0x0000004dcd300000,0x0000004dcd400000] [id=33732]
  0x000001b085923600 ConcurrentGCThread "G1 Conc#0" [stack: 0x0000004dcd400000,0x0000004dcd500000] [id=42728]
  0x000001b0f17f5cf0 ConcurrentGCThread "G1 Conc#1" [stack: 0x0000004dced00000,0x0000004dcee00000] [id=8664]
  0x000001b085a398d0 ConcurrentGCThread "G1 Refine#0" [stack: 0x0000004dcd500000,0x0000004dcd600000] [id=23080]
  0x000001b0f24e64f0 ConcurrentGCThread "G1 Refine#1" [stack: 0x0000004dcf400000,0x0000004dcf500000] [id=11020]
  0x000001b085a3a110 ConcurrentGCThread "G1 Service" [stack: 0x0000004dcd600000,0x0000004dcd700000] [id=15588]

Threads with active compile tasks:
C2 CompilerThread0    26449 7491       4       org.springframework.core.annotation.AnnotatedElementUtils::getAnnotationAttributes (23 bytes)
C2 CompilerThread1    26450 7531   !   4       org.springframework.core.annotation.AnnotationsScanner::processMethodHierarchy (276 bytes)
C2 CompilerThread2    26450 7540       4       org.springframework.core.annotation.AnnotatedElementUtils::findMergedAnnotationAttributes (24 bytes)

VM state: not at safepoint (normal execution)

VM Mutex/Monitor currently owned by a thread: None

Heap address: 0x0000000705000000, size: 4016 MB, Compressed Oops mode: Zero based, Oop shift amount: 3

CDS archive(s) mapped at: [0x000001b0a9000000-0x000001b0a9bd0000-0x000001b0a9bd0000), size 12386304, SharedBaseAddress: 0x000001b0a9000000, ArchiveRelocationMode: 1.
Compressed class space mapped at: 0x000001b0aa000000-0x000001b0ea000000, reserved size: 1073741824
Narrow klass base: 0x000001b0a9000000, Narrow klass shift: 0, Narrow klass range: 0x100000000

GC Precious Log:
 CPUs: 8 total, 8 available
 Memory: 16057M
 Large Page Support: Disabled
 NUMA Support: Disabled
 Compressed Oops: Enabled (Zero based)
 Heap Region Size: 2M
 Heap Min Capacity: 8M
 Heap Initial Capacity: 252M
 Heap Max Capacity: 4016M
 Pre-touch: Disabled
 Parallel Workers: 8
 Concurrent Workers: 2
 Concurrent Refinement Workers: 8
 Periodic GC: Disabled

Heap:
 garbage-first heap   total 319488K, used 111642K [0x0000000705000000, 0x0000000800000000)
  region size 2048K, 28 young (57344K), 1 survivors (2048K)
 Metaspace       used 80320K, committed 80896K, reserved 1179648K
  class space    used 10916K, committed 11200K, reserved 1048576K

Heap Regions: E=young(eden), S=young(survivor), O=old, HS=humongous(starts), HC=humongous(continues), CS=collection set, F=free, OA=open archive, CA=closed archive, TAMS=top-at-mark-start (previous, next)
|   0|0x0000000705000000, 0x0000000705200000, 0x0000000705200000|100%| O|  |TAMS 0x0000000705200000, 0x0000000705000000| Untracked 
|   1|0x0000000705200000, 0x0000000705400000, 0x0000000705400000|100%| O|  |TAMS 0x0000000705400000, 0x0000000705200000| Untracked 
|   2|0x0000000705400000, 0x0000000705600000, 0x0000000705600000|100%| O|  |TAMS 0x0000000705600000, 0x0000000705400000| Untracked 
|   3|0x0000000705600000, 0x0000000705800000, 0x0000000705800000|100%| O|  |TAMS 0x0000000705800000, 0x0000000705600000| Untracked 
|   4|0x0000000705800000, 0x00000007059b7c00, 0x0000000705a00000| 85%| O|  |TAMS 0x00000007059b7c00, 0x0000000705800000| Untracked 
|   5|0x0000000705a00000, 0x0000000705c00000, 0x0000000705c00000|100%| O|  |TAMS 0x0000000705c00000, 0x0000000705a00000| Untracked 
|   6|0x0000000705c00000, 0x0000000705e00000, 0x0000000705e00000|100%| O|  |TAMS 0x0000000705e00000, 0x0000000705c00000| Untracked 
|   7|0x0000000705e00000, 0x0000000706000000, 0x0000000706000000|100%| O|  |TAMS 0x0000000706000000, 0x0000000705e00000| Untracked 
|   8|0x0000000706000000, 0x0000000706200000, 0x0000000706200000|100%| O|  |TAMS 0x0000000706200000, 0x0000000706000000| Untracked 
|   9|0x0000000706200000, 0x0000000706400000, 0x0000000706400000|100%| O|  |TAMS 0x0000000706400000, 0x0000000706200000| Untracked 
|  10|0x0000000706400000, 0x0000000706600000, 0x0000000706600000|100%| O|  |TAMS 0x0000000706600000, 0x0000000706400000| Untracked 
|  11|0x0000000706600000, 0x0000000706800000, 0x0000000706800000|100%| O|  |TAMS 0x0000000706800000, 0x0000000706600000| Untracked 
|  12|0x0000000706800000, 0x0000000706a00000, 0x0000000706a00000|100%| O|  |TAMS 0x0000000706a00000, 0x0000000706800000| Untracked 
|  13|0x0000000706a00000, 0x0000000706c00000, 0x0000000706c00000|100%| O|  |TAMS 0x0000000706c00000, 0x0000000706a00000| Untracked 
|  14|0x0000000706c00000, 0x0000000706e00000, 0x0000000706e00000|100%| O|  |TAMS 0x0000000706e00000, 0x0000000706c00000| Untracked 
|  15|0x0000000706e00000, 0x0000000707000000, 0x0000000707000000|100%| O|  |TAMS 0x0000000707000000, 0x0000000706e00000| Untracked 
|  16|0x0000000707000000, 0x0000000707200000, 0x0000000707200000|100%| O|  |TAMS 0x0000000707200000, 0x0000000707000000| Untracked 
|  17|0x0000000707200000, 0x0000000707400000, 0x0000000707400000|100%| O|  |TAMS 0x0000000707400000, 0x0000000707200000| Untracked 
|  18|0x0000000707400000, 0x000000070749dc00, 0x0000000707600000| 30%| O|  |TAMS 0x0000000707400000, 0x0000000707400000| Untracked 
|  19|0x0000000707600000, 0x0000000707800000, 0x0000000707800000|100%| O|  |TAMS 0x0000000707656e00, 0x0000000707600000| Untracked 
|  20|0x0000000707800000, 0x0000000707a00000, 0x0000000707a00000|100%| O|  |TAMS 0x0000000707800000, 0x0000000707800000| Untracked 
|  21|0x0000000707a00000, 0x0000000707c00000, 0x0000000707c00000|100%| O|  |TAMS 0x0000000707a00000, 0x0000000707a00000| Untracked 
|  22|0x0000000707c00000, 0x0000000707e00000, 0x0000000707e00000|100%| O|  |TAMS 0x0000000707c00000, 0x0000000707c00000| Untracked 
|  23|0x0000000707e00000, 0x0000000708000000, 0x0000000708000000|100%| O|  |TAMS 0x0000000707e00000, 0x0000000707e00000| Untracked 
|  24|0x0000000708000000, 0x0000000708000000, 0x0000000708200000|  0%| F|  |TAMS 0x0000000708000000, 0x0000000708000000| Untracked 
|  25|0x0000000708200000, 0x0000000708400000, 0x0000000708400000|100%| O|  |TAMS 0x0000000708200000, 0x0000000708200000| Untracked 
|  26|0x0000000708400000, 0x0000000708600000, 0x0000000708600000|100%| O|  |TAMS 0x0000000708400000, 0x0000000708400000| Untracked 
|  27|0x0000000708600000, 0x0000000708600000, 0x0000000708800000|  0%| F|  |TAMS 0x0000000708600000, 0x0000000708600000| Untracked 
|  28|0x0000000708800000, 0x0000000708800000, 0x0000000708a00000|  0%| F|  |TAMS 0x0000000708800000, 0x0000000708800000| Untracked 
|  29|0x0000000708a00000, 0x0000000708a00000, 0x0000000708c00000|  0%| F|  |TAMS 0x0000000708a00000, 0x0000000708a00000| Untracked 
|  30|0x0000000708c00000, 0x0000000708c00000, 0x0000000708e00000|  0%| F|  |TAMS 0x0000000708c00000, 0x0000000708c00000| Untracked 
|  31|0x0000000708e00000, 0x0000000708e00000, 0x0000000709000000|  0%| F|  |TAMS 0x0000000708e00000, 0x0000000708e00000| Untracked 
|  32|0x0000000709000000, 0x0000000709000000, 0x0000000709200000|  0%| F|  |TAMS 0x0000000709000000, 0x0000000709000000| Untracked 
|  33|0x0000000709200000, 0x0000000709200000, 0x0000000709400000|  0%| F|  |TAMS 0x0000000709200000, 0x0000000709200000| Untracked 
|  34|0x0000000709400000, 0x0000000709400000, 0x0000000709600000|  0%| F|  |TAMS 0x0000000709400000, 0x0000000709400000| Untracked 
|  35|0x0000000709600000, 0x0000000709800000, 0x0000000709800000|100%| O|  |TAMS 0x0000000709800000, 0x0000000709600000| Untracked 
|  36|0x0000000709800000, 0x0000000709a00000, 0x0000000709a00000|100%| O|  |TAMS 0x0000000709a00000, 0x0000000709800000| Untracked 
|  37|0x0000000709a00000, 0x0000000709a00000, 0x0000000709c00000|  0%| F|  |TAMS 0x0000000709a00000, 0x0000000709a00000| Untracked 
|  38|0x0000000709c00000, 0x0000000709c00000, 0x0000000709e00000|  0%| F|  |TAMS 0x0000000709c00000, 0x0000000709c00000| Untracked 
|  39|0x0000000709e00000, 0x000000070a000000, 0x000000070a000000|100%| O|  |TAMS 0x000000070a000000, 0x0000000709e00000| Untracked 
|  40|0x000000070a000000, 0x000000070a000000, 0x000000070a200000|  0%| F|  |TAMS 0x000000070a000000, 0x000000070a000000| Untracked 
|  41|0x000000070a200000, 0x000000070a200000, 0x000000070a400000|  0%| F|  |TAMS 0x000000070a200000, 0x000000070a200000| Untracked 
|  42|0x000000070a400000, 0x000000070a400000, 0x000000070a600000|  0%| F|  |TAMS 0x000000070a400000, 0x000000070a400000| Untracked 
|  43|0x000000070a600000, 0x000000070a600000, 0x000000070a800000|  0%| F|  |TAMS 0x000000070a600000, 0x000000070a600000| Untracked 
|  44|0x000000070a800000, 0x000000070a800000, 0x000000070aa00000|  0%| F|  |TAMS 0x000000070a800000, 0x000000070a800000| Untracked 
|  45|0x000000070aa00000, 0x000000070aa00000, 0x000000070ac00000|  0%| F|  |TAMS 0x000000070aa00000, 0x000000070aa00000| Untracked 
|  46|0x000000070ac00000, 0x000000070ac00000, 0x000000070ae00000|  0%| F|  |TAMS 0x000000070ac00000, 0x000000070ac00000| Untracked 
|  47|0x000000070ae00000, 0x000000070ae00000, 0x000000070b000000|  0%| F|  |TAMS 0x000000070ae00000, 0x000000070ae00000| Untracked 
|  48|0x000000070b000000, 0x000000070b000000, 0x000000070b200000|  0%| F|  |TAMS 0x000000070b000000, 0x000000070b000000| Untracked 
|  49|0x000000070b200000, 0x000000070b200000, 0x000000070b400000|  0%| F|  |TAMS 0x000000070b200000, 0x000000070b200000| Untracked 
|  50|0x000000070b400000, 0x000000070b400000, 0x000000070b600000|  0%| F|  |TAMS 0x000000070b400000, 0x000000070b400000| Untracked 
|  51|0x000000070b600000, 0x000000070b600000, 0x000000070b800000|  0%| F|  |TAMS 0x000000070b600000, 0x000000070b600000| Untracked 
|  52|0x000000070b800000, 0x000000070b800000, 0x000000070ba00000|  0%| F|  |TAMS 0x000000070b800000, 0x000000070b800000| Untracked 
|  53|0x000000070ba00000, 0x000000070ba00000, 0x000000070bc00000|  0%| F|  |TAMS 0x000000070ba00000, 0x000000070ba00000| Untracked 
|  54|0x000000070bc00000, 0x000000070bc00000, 0x000000070be00000|  0%| F|  |TAMS 0x000000070bc00000, 0x000000070bc00000| Untracked 
|  55|0x000000070be00000, 0x000000070be00000, 0x000000070c000000|  0%| F|  |TAMS 0x000000070be00000, 0x000000070be00000| Untracked 
|  56|0x000000070c000000, 0x000000070c000000, 0x000000070c200000|  0%| F|  |TAMS 0x000000070c000000, 0x000000070c000000| Untracked 
|  57|0x000000070c200000, 0x000000070c200000, 0x000000070c400000|  0%| F|  |TAMS 0x000000070c200000, 0x000000070c200000| Untracked 
|  58|0x000000070c400000, 0x000000070c400000, 0x000000070c600000|  0%| F|  |TAMS 0x000000070c400000, 0x000000070c400000| Untracked 
|  59|0x000000070c600000, 0x000000070c600000, 0x000000070c800000|  0%| F|  |TAMS 0x000000070c600000, 0x000000070c600000| Untracked 
|  60|0x000000070c800000, 0x000000070c800000, 0x000000070ca00000|  0%| F|  |TAMS 0x000000070c800000, 0x000000070c800000| Untracked 
|  61|0x000000070ca00000, 0x000000070ca00000, 0x000000070cc00000|  0%| F|  |TAMS 0x000000070ca00000, 0x000000070ca00000| Untracked 
|  62|0x000000070cc00000, 0x000000070cc00000, 0x000000070ce00000|  0%| F|  |TAMS 0x000000070cc00000, 0x000000070cc00000| Untracked 
|  63|0x000000070ce00000, 0x000000070ce00000, 0x000000070d000000|  0%| F|  |TAMS 0x000000070ce00000, 0x000000070ce00000| Untracked 
|  64|0x000000070d000000, 0x000000070d000000, 0x000000070d200000|  0%| F|  |TAMS 0x000000070d000000, 0x000000070d000000| Untracked 
|  65|0x000000070d200000, 0x000000070d200000, 0x000000070d400000|  0%| F|  |TAMS 0x000000070d200000, 0x000000070d200000| Untracked 
|  66|0x000000070d400000, 0x000000070d400000, 0x000000070d600000|  0%| F|  |TAMS 0x000000070d400000, 0x000000070d400000| Untracked 
|  67|0x000000070d600000, 0x000000070d600000, 0x000000070d800000|  0%| F|  |TAMS 0x000000070d600000, 0x000000070d600000| Untracked 
|  68|0x000000070d800000, 0x000000070d800000, 0x000000070da00000|  0%| F|  |TAMS 0x000000070d800000, 0x000000070d800000| Untracked 
|  69|0x000000070da00000, 0x000000070da00000, 0x000000070dc00000|  0%| F|  |TAMS 0x000000070da00000, 0x000000070da00000| Untracked 
|  70|0x000000070dc00000, 0x000000070dc00000, 0x000000070de00000|  0%| F|  |TAMS 0x000000070dc00000, 0x000000070dc00000| Untracked 
|  71|0x000000070de00000, 0x000000070de00000, 0x000000070e000000|  0%| F|  |TAMS 0x000000070de00000, 0x000000070de00000| Untracked 
|  72|0x000000070e000000, 0x000000070e000000, 0x000000070e200000|  0%| F|  |TAMS 0x000000070e000000, 0x000000070e000000| Untracked 
|  73|0x000000070e200000, 0x000000070e200000, 0x000000070e400000|  0%| F|  |TAMS 0x000000070e200000, 0x000000070e200000| Untracked 
|  74|0x000000070e400000, 0x000000070e400000, 0x000000070e600000|  0%| F|  |TAMS 0x000000070e400000, 0x000000070e400000| Untracked 
|  75|0x000000070e600000, 0x000000070e600000, 0x000000070e800000|  0%| F|  |TAMS 0x000000070e600000, 0x000000070e600000| Untracked 
|  76|0x000000070e800000, 0x000000070e800000, 0x000000070ea00000|  0%| F|  |TAMS 0x000000070e800000, 0x000000070e800000| Untracked 
|  77|0x000000070ea00000, 0x000000070ea00000, 0x000000070ec00000|  0%| F|  |TAMS 0x000000070ea00000, 0x000000070ea00000| Untracked 
|  78|0x000000070ec00000, 0x000000070ec00000, 0x000000070ee00000|  0%| F|  |TAMS 0x000000070ec00000, 0x000000070ec00000| Untracked 
|  79|0x000000070ee00000, 0x000000070ee00000, 0x000000070f000000|  0%| F|  |TAMS 0x000000070ee00000, 0x000000070ee00000| Untracked 
|  80|0x000000070f000000, 0x000000070f000000, 0x000000070f200000|  0%| F|  |TAMS 0x000000070f000000, 0x000000070f000000| Untracked 
|  81|0x000000070f200000, 0x000000070f200000, 0x000000070f400000|  0%| F|  |TAMS 0x000000070f200000, 0x000000070f200000| Untracked 
|  82|0x000000070f400000, 0x000000070f400000, 0x000000070f600000|  0%| F|  |TAMS 0x000000070f400000, 0x000000070f400000| Untracked 
|  83|0x000000070f600000, 0x000000070f600000, 0x000000070f800000|  0%| F|  |TAMS 0x000000070f600000, 0x000000070f600000| Untracked 
|  84|0x000000070f800000, 0x000000070f800000, 0x000000070fa00000|  0%| F|  |TAMS 0x000000070f800000, 0x000000070f800000| Untracked 
|  85|0x000000070fa00000, 0x000000070fa00000, 0x000000070fc00000|  0%| F|  |TAMS 0x000000070fa00000, 0x000000070fa00000| Untracked 
|  86|0x000000070fc00000, 0x000000070fc00000, 0x000000070fe00000|  0%| F|  |TAMS 0x000000070fc00000, 0x000000070fc00000| Untracked 
|  87|0x000000070fe00000, 0x000000070fe00000, 0x0000000710000000|  0%| F|  |TAMS 0x000000070fe00000, 0x000000070fe00000| Untracked 
|  88|0x0000000710000000, 0x0000000710000000, 0x0000000710200000|  0%| F|  |TAMS 0x0000000710000000, 0x0000000710000000| Untracked 
|  89|0x0000000710200000, 0x0000000710200000, 0x0000000710400000|  0%| F|  |TAMS 0x0000000710200000, 0x0000000710200000| Untracked 
|  90|0x0000000710400000, 0x0000000710400000, 0x0000000710600000|  0%| F|  |TAMS 0x0000000710400000, 0x0000000710400000| Untracked 
|  91|0x0000000710600000, 0x0000000710600000, 0x0000000710800000|  0%| F|  |TAMS 0x0000000710600000, 0x0000000710600000| Untracked 
|  92|0x0000000710800000, 0x0000000710800000, 0x0000000710a00000|  0%| F|  |TAMS 0x0000000710800000, 0x0000000710800000| Untracked 
|  93|0x0000000710a00000, 0x0000000710a00000, 0x0000000710c00000|  0%| F|  |TAMS 0x0000000710a00000, 0x0000000710a00000| Untracked 
|  94|0x0000000710c00000, 0x0000000710c00000, 0x0000000710e00000|  0%| F|  |TAMS 0x0000000710c00000, 0x0000000710c00000| Untracked 
|  95|0x0000000710e00000, 0x0000000710e00000, 0x0000000711000000|  0%| F|  |TAMS 0x0000000710e00000, 0x0000000710e00000| Untracked 
|  96|0x0000000711000000, 0x0000000711000000, 0x0000000711200000|  0%| F|  |TAMS 0x0000000711000000, 0x0000000711000000| Untracked 
|  97|0x0000000711200000, 0x0000000711200000, 0x0000000711400000|  0%| F|  |TAMS 0x0000000711200000, 0x0000000711200000| Untracked 
|  98|0x0000000711400000, 0x0000000711400000, 0x0000000711600000|  0%| F|  |TAMS 0x0000000711400000, 0x0000000711400000| Untracked 
|  99|0x0000000711600000, 0x0000000711600000, 0x0000000711800000|  0%| F|  |TAMS 0x0000000711600000, 0x0000000711600000| Untracked 
| 100|0x0000000711800000, 0x0000000711800000, 0x0000000711a00000|  0%| F|  |TAMS 0x0000000711800000, 0x0000000711800000| Untracked 
| 101|0x0000000711a00000, 0x0000000711a00000, 0x0000000711c00000|  0%| F|  |TAMS 0x0000000711a00000, 0x0000000711a00000| Untracked 
| 102|0x0000000711c00000, 0x0000000711c00000, 0x0000000711e00000|  0%| F|  |TAMS 0x0000000711c00000, 0x0000000711c00000| Untracked 
| 103|0x0000000711e00000, 0x0000000711e00000, 0x0000000712000000|  0%| F|  |TAMS 0x0000000711e00000, 0x0000000711e00000| Untracked 
| 104|0x0000000712000000, 0x0000000712000000, 0x0000000712200000|  0%| F|  |TAMS 0x0000000712000000, 0x0000000712000000| Untracked 
| 105|0x0000000712200000, 0x0000000712200000, 0x0000000712400000|  0%| F|  |TAMS 0x0000000712200000, 0x0000000712200000| Untracked 
| 106|0x0000000712400000, 0x0000000712400000, 0x0000000712600000|  0%| F|  |TAMS 0x0000000712400000, 0x0000000712400000| Untracked 
| 107|0x0000000712600000, 0x0000000712600000, 0x0000000712800000|  0%| F|  |TAMS 0x0000000712600000, 0x0000000712600000| Untracked 
| 108|0x0000000712800000, 0x00000007128b1300, 0x0000000712a00000| 34%| S|CS|TAMS 0x0000000712800000, 0x0000000712800000| Complete 
| 109|0x0000000712a00000, 0x0000000712a00000, 0x0000000712c00000|  0%| F|  |TAMS 0x0000000712a00000, 0x0000000712a00000| Untracked 
| 110|0x0000000712c00000, 0x0000000712c00000, 0x0000000712e00000|  0%| F|  |TAMS 0x0000000712c00000, 0x0000000712c00000| Untracked 
| 111|0x0000000712e00000, 0x0000000712e00000, 0x0000000713000000|  0%| F|  |TAMS 0x0000000712e00000, 0x0000000712e00000| Untracked 
| 112|0x0000000713000000, 0x0000000713000000, 0x0000000713200000|  0%| F|  |TAMS 0x0000000713000000, 0x0000000713000000| Untracked 
| 113|0x0000000713200000, 0x0000000713200000, 0x0000000713400000|  0%| F|  |TAMS 0x0000000713200000, 0x0000000713200000| Untracked 
| 114|0x0000000713400000, 0x0000000713400000, 0x0000000713600000|  0%| F|  |TAMS 0x0000000713400000, 0x0000000713400000| Untracked 
| 115|0x0000000713600000, 0x0000000713600000, 0x0000000713800000|  0%| F|  |TAMS 0x0000000713600000, 0x0000000713600000| Untracked 
| 116|0x0000000713800000, 0x0000000713800000, 0x0000000713a00000|  0%| F|  |TAMS 0x0000000713800000, 0x0000000713800000| Untracked 
| 117|0x0000000713a00000, 0x0000000713a00000, 0x0000000713c00000|  0%| F|  |TAMS 0x0000000713a00000, 0x0000000713a00000| Untracked 
| 118|0x0000000713c00000, 0x0000000713c00000, 0x0000000713e00000|  0%| F|  |TAMS 0x0000000713c00000, 0x0000000713c00000| Untracked 
| 119|0x0000000713e00000, 0x0000000713e00000, 0x0000000714000000|  0%| F|  |TAMS 0x0000000713e00000, 0x0000000713e00000| Untracked 
| 120|0x0000000714000000, 0x0000000714000000, 0x0000000714200000|  0%| F|  |TAMS 0x0000000714000000, 0x0000000714000000| Untracked 
| 121|0x0000000714200000, 0x0000000714200000, 0x0000000714400000|  0%| F|  |TAMS 0x0000000714200000, 0x0000000714200000| Untracked 
| 122|0x0000000714400000, 0x0000000714400000, 0x0000000714600000|  0%| F|  |TAMS 0x0000000714400000, 0x0000000714400000| Untracked 
| 123|0x0000000714600000, 0x0000000714600000, 0x0000000714800000|  0%| F|  |TAMS 0x0000000714600000, 0x0000000714600000| Untracked 
| 124|0x0000000714800000, 0x0000000714800000, 0x0000000714a00000|  0%| F|  |TAMS 0x0000000714800000, 0x0000000714800000| Untracked 
| 125|0x0000000714a00000, 0x0000000714a00000, 0x0000000714c00000|  0%| F|  |TAMS 0x0000000714a00000, 0x0000000714a00000| Untracked 
| 126|0x0000000714c00000, 0x0000000714c00000, 0x0000000714e00000|  0%| F|  |TAMS 0x0000000714c00000, 0x0000000714c00000| Untracked 
| 127|0x0000000714e00000, 0x0000000714e00000, 0x0000000715000000|  0%| F|  |TAMS 0x0000000714e00000, 0x0000000714e00000| Untracked 
| 128|0x0000000715000000, 0x0000000715000000, 0x0000000715200000|  0%| F|  |TAMS 0x0000000715000000, 0x0000000715000000| Untracked 
| 129|0x0000000715200000, 0x0000000715400000, 0x0000000715400000|100%| E|  |TAMS 0x0000000715200000, 0x0000000715200000| Complete 
| 130|0x0000000715400000, 0x0000000715600000, 0x0000000715600000|100%| E|CS|TAMS 0x0000000715400000, 0x0000000715400000| Complete 
| 131|0x0000000715600000, 0x0000000715800000, 0x0000000715800000|100%| E|CS|TAMS 0x0000000715600000, 0x0000000715600000| Complete 
| 132|0x0000000715800000, 0x0000000715a00000, 0x0000000715a00000|100%| E|CS|TAMS 0x0000000715800000, 0x0000000715800000| Complete 
| 133|0x0000000715a00000, 0x0000000715c00000, 0x0000000715c00000|100%| E|CS|TAMS 0x0000000715a00000, 0x0000000715a00000| Complete 
| 134|0x0000000715c00000, 0x0000000715e00000, 0x0000000715e00000|100%| E|CS|TAMS 0x0000000715c00000, 0x0000000715c00000| Complete 
| 135|0x0000000715e00000, 0x0000000716000000, 0x0000000716000000|100%| E|CS|TAMS 0x0000000715e00000, 0x0000000715e00000| Complete 
| 136|0x0000000716000000, 0x0000000716200000, 0x0000000716200000|100%| E|CS|TAMS 0x0000000716000000, 0x0000000716000000| Complete 
| 137|0x0000000716200000, 0x0000000716400000, 0x0000000716400000|100%| E|CS|TAMS 0x0000000716200000, 0x0000000716200000| Complete 
| 138|0x0000000716400000, 0x0000000716600000, 0x0000000716600000|100%| E|CS|TAMS 0x0000000716400000, 0x0000000716400000| Complete 
| 139|0x0000000716600000, 0x0000000716800000, 0x0000000716800000|100%| E|CS|TAMS 0x0000000716600000, 0x0000000716600000| Complete 
| 140|0x0000000716800000, 0x0000000716a00000, 0x0000000716a00000|100%| E|CS|TAMS 0x0000000716800000, 0x0000000716800000| Complete 
| 141|0x0000000716a00000, 0x0000000716c00000, 0x0000000716c00000|100%| E|CS|TAMS 0x0000000716a00000, 0x0000000716a00000| Complete 
| 142|0x0000000716c00000, 0x0000000716e00000, 0x0000000716e00000|100%| E|CS|TAMS 0x0000000716c00000, 0x0000000716c00000| Complete 
| 143|0x0000000716e00000, 0x0000000717000000, 0x0000000717000000|100%| E|CS|TAMS 0x0000000716e00000, 0x0000000716e00000| Complete 
| 144|0x0000000717000000, 0x0000000717200000, 0x0000000717200000|100%| E|CS|TAMS 0x0000000717000000, 0x0000000717000000| Complete 
| 145|0x0000000717200000, 0x0000000717400000, 0x0000000717400000|100%| E|CS|TAMS 0x0000000717200000, 0x0000000717200000| Complete 
| 146|0x0000000717400000, 0x0000000717600000, 0x0000000717600000|100%| E|CS|TAMS 0x0000000717400000, 0x0000000717400000| Complete 
| 147|0x0000000717600000, 0x0000000717800000, 0x0000000717800000|100%| E|CS|TAMS 0x0000000717600000, 0x0000000717600000| Complete 
| 148|0x0000000717800000, 0x0000000717a00000, 0x0000000717a00000|100%| E|CS|TAMS 0x0000000717800000, 0x0000000717800000| Complete 
| 149|0x0000000717a00000, 0x0000000717c00000, 0x0000000717c00000|100%| E|CS|TAMS 0x0000000717a00000, 0x0000000717a00000| Complete 
| 150|0x0000000717c00000, 0x0000000717e00000, 0x0000000717e00000|100%| E|CS|TAMS 0x0000000717c00000, 0x0000000717c00000| Complete 
| 151|0x0000000717e00000, 0x0000000718000000, 0x0000000718000000|100%| E|CS|TAMS 0x0000000717e00000, 0x0000000717e00000| Complete 
| 152|0x0000000718000000, 0x0000000718200000, 0x0000000718200000|100%| E|CS|TAMS 0x0000000718000000, 0x0000000718000000| Complete 
| 153|0x0000000718200000, 0x0000000718400000, 0x0000000718400000|100%| E|CS|TAMS 0x0000000718200000, 0x0000000718200000| Complete 
| 154|0x0000000718400000, 0x0000000718600000, 0x0000000718600000|100%| E|CS|TAMS 0x0000000718400000, 0x0000000718400000| Complete 
| 155|0x0000000718600000, 0x0000000718800000, 0x0000000718800000|100%| E|CS|TAMS 0x0000000718600000, 0x0000000718600000| Complete 

Card table byte_map: [0x000001b09d4d0000,0x000001b09dcb0000] _byte_map_base: 0x000001b099ca8000

Marking Bits (Prev, Next): (CMBitMap*) 0x000001b0859129f0, (CMBitMap*) 0x000001b0859129b0
 Prev Bits: [0x000001b0a2350000, 0x000001b0a6210000)
 Next Bits: [0x000001b09e490000, 0x000001b0a2350000)

Polling page: 0x000001b085410000

Metaspace:

Usage:
  Non-class:     67.78 MB used.
      Class:     10.66 MB used.
       Both:     78.44 MB used.

Virtual space:
  Non-class space:      128.00 MB reserved,      68.06 MB ( 53%) committed,  2 nodes.
      Class space:        1.00 GB reserved,      10.94 MB (  1%) committed,  1 nodes.
             Both:        1.12 GB reserved,      79.00 MB (  7%) committed. 

Chunk freelists:
   Non-Class:  11.58 MB
       Class:  5.10 MB
        Both:  16.68 MB

MaxMetaspaceSize: unlimited
CompressedClassSpaceSize: 1.00 GB
Initial GC threshold: 21.00 MB
Current GC threshold: 116.06 MB
CDS: on
MetaspaceReclaimPolicy: balanced
 - commit_granule_bytes: 65536.
 - commit_granule_words: 8192.
 - virtual_space_node_default_size: 8388608.
 - enlarge_chunks_in_place: 1.
 - new_chunks_are_fully_committed: 0.
 - uncommit_free_chunks: 1.
 - use_allocation_guard: 0.
 - handle_deallocations: 1.


Internal statistics:

num_allocs_failed_limit: 9.
num_arena_births: 826.
num_arena_deaths: 0.
num_vsnodes_births: 3.
num_vsnodes_deaths: 0.
num_space_committed: 1264.
num_space_uncommitted: 0.
num_chunks_returned_to_freelist: 9.
num_chunks_taken_from_freelist: 3755.
num_chunk_merges: 9.
num_chunk_splits: 2756.
num_chunks_enlarged: 2218.
num_inconsistent_stats: 0.

CodeHeap 'non-profiled nmethods': size=120000Kb used=5374Kb max_used=5374Kb free=114625Kb
 bounds [0x000001b094d50000, 0x000001b095290000, 0x000001b09c280000]
CodeHeap 'profiled nmethods': size=120000Kb used=13404Kb max_used=13404Kb free=106596Kb
 bounds [0x000001b08d280000, 0x000001b08dfa0000, 0x000001b0947b0000]
CodeHeap 'non-nmethods': size=5760Kb used=1387Kb max_used=1441Kb free=4372Kb
 bounds [0x000001b0947b0000, 0x000001b094a20000, 0x000001b094d50000]
 total_blobs=7145 nmethods=6426 adapters=631
 compilation: enabled
              stopped_count=0, restarted_count=0
 full_count=0

Compilation events (20 events):
Event: 25.936 Thread 0x000001b0a8c75f60 7624       2       java.util.TreeMap::forEach (58 bytes)
Event: 25.936 Thread 0x000001b0a8c75f60 nmethod 7624 0x000001b08df94490 code [0x000001b08df94680, 0x000001b08df94a78]
Event: 25.938 Thread 0x000001b0a8c75f60 7625 %     3       java.util.TreeMap::forEach @ 15 (58 bytes)
Event: 25.938 Thread 0x000001b0a8c75f60 nmethod 7625% 0x000001b08df94d10 code [0x000001b08df94f20, 0x000001b08df95678]
Event: 25.939 Thread 0x000001b0a8c75f60 7626       2       org.springframework.boot.autoconfigure.condition.ConditionEvaluationReport$$Lambda$1782/0x000001b0aaae7820::accept (16 bytes)
Event: 25.940 Thread 0x000001b0a8c75f60 nmethod 7626 0x000001b08df95990 code [0x000001b08df95c00, 0x000001b08df96268]
Event: 25.940 Thread 0x000001b0a8c75f60 7628       3       java.util.TreeMap::forEach (58 bytes)
Event: 25.940 Thread 0x000001b0a8c75f60 nmethod 7628 0x000001b08df96790 code [0x000001b08df969a0, 0x000001b08df97058]
Event: 25.940 Thread 0x000001b0a8c75f60 7627       2       org.springframework.boot.autoconfigure.condition.ConditionEvaluationReport::lambda$getConditionAndOutcomesBySource$1 (13 bytes)
Event: 25.941 Thread 0x000001b0a8c75f60 nmethod 7627 0x000001b08df97310 code [0x000001b08df97560, 0x000001b08df97b28]
Event: 25.941 Thread 0x000001b0a8c75f60 7629       2       org.springframework.boot.autoconfigure.condition.ConditionEvaluationReport$ConditionAndOutcomes::iterator (13 bytes)
Event: 25.942 Thread 0x000001b0a8c75f60 nmethod 7629 0x000001b08df97f90 code [0x000001b08df98140, 0x000001b08df98438]
Event: 25.945 Thread 0x000001b0a8c75f60 7630       2       java.time.temporal.ChronoField::isTimeBased (19 bytes)
Event: 25.945 Thread 0x000001b0a8c75f60 nmethod 7630 0x000001b08df98590 code [0x000001b08df98720, 0x000001b08df98838]
Event: 25.945 Thread 0x000001b0a8c75f60 7632       2       java.math.BigDecimal::checkScale (62 bytes)
Event: 25.945 Thread 0x000001b0a8c75f60 nmethod 7632 0x000001b08df98910 code [0x000001b08df98ac0, 0x000001b08df98ca8]
Event: 25.945 Thread 0x000001b0a8c75f60 7631       2       java.time.format.DateTimePrintContext::getDecimalStyle (8 bytes)
Event: 25.945 Thread 0x000001b0a8c75f60 nmethod 7631 0x000001b08df98d90 code [0x000001b08df98f20, 0x000001b08df99038]
Event: 25.978 Thread 0x000001b0ef8f1120 nmethod 7441 0x000001b09525f090 code [0x000001b09525f8c0, 0x000001b0952685c0]
Event: 25.979 Thread 0x000001b0ef8f1120 7542       4       org.springframework.core.annotation.AnnotationsScanner::getBaseTypeMethods (123 bytes)

GC Heap History (20 events):
Event: 19.779 GC heap before
{Heap before GC invocations=32 (full 0):
 garbage-first heap   total 133120K, used 88183K [0x0000000705000000, 0x0000000800000000)
  region size 2048K, 21 young (43008K), 1 survivors (2048K)
 Metaspace       used 70053K, committed 70656K, reserved 1114112K
  class space    used 9509K, committed 9792K, reserved 1048576K
}
Event: 19.784 GC heap after
{Heap after GC invocations=33 (full 0):
 garbage-first heap   total 133120K, used 60084K [0x0000000705000000, 0x0000000800000000)
  region size 2048K, 3 young (6144K), 3 survivors (6144K)
 Metaspace       used 70053K, committed 70656K, reserved 1114112K
  class space    used 9509K, committed 9792K, reserved 1048576K
}
Event: 20.573 GC heap before
{Heap before GC invocations=33 (full 0):
 garbage-first heap   total 133120K, used 90804K [0x0000000705000000, 0x0000000800000000)
  region size 2048K, 19 young (38912K), 3 survivors (6144K)
 Metaspace       used 70065K, committed 70656K, reserved 1114112K
  class space    used 9509K, committed 9792K, reserved 1048576K
}
Event: 20.578 GC heap after
{Heap after GC invocations=34 (full 0):
 garbage-first heap   total 133120K, used 67229K [0x0000000705000000, 0x0000000800000000)
  region size 2048K, 3 young (6144K), 3 survivors (6144K)
 Metaspace       used 70065K, committed 70656K, reserved 1114112K
  class space    used 9509K, committed 9792K, reserved 1048576K
}
Event: 21.655 GC heap before
{Heap before GC invocations=34 (full 0):
 garbage-first heap   total 133120K, used 97949K [0x0000000705000000, 0x0000000800000000)
  region size 2048K, 18 young (36864K), 3 survivors (6144K)
 Metaspace       used 70114K, committed 70720K, reserved 1114112K
  class space    used 9511K, committed 9792K, reserved 1048576K
}
Event: 21.661 GC heap after
{Heap after GC invocations=35 (full 0):
 garbage-first heap   total 133120K, used 76567K [0x0000000705000000, 0x0000000800000000)
  region size 2048K, 3 young (6144K), 3 survivors (6144K)
 Metaspace       used 70114K, committed 70720K, reserved 1114112K
  class space    used 9511K, committed 9792K, reserved 1048576K
}
Event: 22.202 GC heap before
{Heap before GC invocations=36 (full 0):
 garbage-first heap   total 137216K, used 97047K [0x0000000705000000, 0x0000000800000000)
  region size 2048K, 14 young (28672K), 3 survivors (6144K)
 Metaspace       used 70114K, committed 70720K, reserved 1114112K
  class space    used 9511K, committed 9792K, reserved 1048576K
}
Event: 22.206 GC heap after
{Heap after GC invocations=37 (full 0):
 garbage-first heap   total 137216K, used 82860K [0x0000000705000000, 0x0000000800000000)
  region size 2048K, 2 young (4096K), 2 survivors (4096K)
 Metaspace       used 70114K, committed 70720K, reserved 1114112K
  class space    used 9511K, committed 9792K, reserved 1048576K
}
Event: 22.209 GC heap before
{Heap before GC invocations=37 (full 0):
 garbage-first heap   total 137216K, used 84908K [0x0000000705000000, 0x0000000800000000)
  region size 2048K, 3 young (6144K), 2 survivors (4096K)
 Metaspace       used 70114K, committed 70720K, reserved 1114112K
  class space    used 9511K, committed 9792K, reserved 1048576K
}
Event: 22.212 GC heap after
{Heap after GC invocations=38 (full 0):
 garbage-first heap   total 137216K, used 70290K [0x0000000705000000, 0x0000000800000000)
  region size 2048K, 1 young (2048K), 1 survivors (2048K)
 Metaspace       used 70114K, committed 70720K, reserved 1114112K
  class space    used 9511K, committed 9792K, reserved 1048576K
}
Event: 22.250 GC heap before
{Heap before GC invocations=38 (full 0):
 garbage-first heap   total 137216K, used 74386K [0x0000000705000000, 0x0000000800000000)
  region size 2048K, 3 young (6144K), 1 survivors (2048K)
 Metaspace       used 70114K, committed 70720K, reserved 1114112K
  class space    used 9511K, committed 9792K, reserved 1048576K
}
Event: 22.253 GC heap after
{Heap after GC invocations=39 (full 0):
 garbage-first heap   total 137216K, used 67095K [0x0000000705000000, 0x0000000800000000)
  region size 2048K, 1 young (2048K), 1 survivors (2048K)
 Metaspace       used 70114K, committed 70720K, reserved 1114112K
  class space    used 9511K, committed 9792K, reserved 1048576K
}
Event: 23.287 GC heap before
{Heap before GC invocations=39 (full 0):
 garbage-first heap   total 137216K, used 97815K [0x0000000705000000, 0x0000000800000000)
  region size 2048K, 16 young (32768K), 1 survivors (2048K)
 Metaspace       used 70564K, committed 71104K, reserved 1114112K
  class space    used 9589K, committed 9856K, reserved 1048576K
}
Event: 23.295 GC heap after
{Heap after GC invocations=40 (full 0):
 garbage-first heap   total 137216K, used 76241K [0x0000000705000000, 0x0000000800000000)
  region size 2048K, 2 young (4096K), 2 survivors (4096K)
 Metaspace       used 70564K, committed 71104K, reserved 1114112K
  class space    used 9589K, committed 9856K, reserved 1048576K
}
Event: 24.265 GC heap before
{Heap before GC invocations=41 (full 0):
 garbage-first heap   total 137216K, used 98769K [0x0000000705000000, 0x0000000800000000)
  region size 2048K, 14 young (28672K), 2 survivors (4096K)
 Metaspace       used 71718K, committed 72320K, reserved 1114112K
  class space    used 9756K, committed 10048K, reserved 1048576K
}
Event: 24.269 GC heap after
{Heap after GC invocations=42 (full 0):
 garbage-first heap   total 137216K, used 75746K [0x0000000705000000, 0x0000000800000000)
  region size 2048K, 1 young (2048K), 1 survivors (2048K)
 Metaspace       used 71718K, committed 72320K, reserved 1114112K
  class space    used 9756K, committed 10048K, reserved 1048576K
}
Event: 24.293 GC heap before
{Heap before GC invocations=42 (full 0):
 garbage-first heap   total 137216K, used 79842K [0x0000000705000000, 0x0000000800000000)
  region size 2048K, 3 young (6144K), 1 survivors (2048K)
 Metaspace       used 71719K, committed 72320K, reserved 1114112K
  class space    used 9756K, committed 10048K, reserved 1048576K
}
Event: 24.296 GC heap after
{Heap after GC invocations=43 (full 0):
 garbage-first heap   total 137216K, used 62276K [0x0000000705000000, 0x0000000800000000)
  region size 2048K, 1 young (2048K), 1 survivors (2048K)
 Metaspace       used 71719K, committed 72320K, reserved 1114112K
  class space    used 9756K, committed 10048K, reserved 1048576K
}
Event: 24.440 GC heap before
{Heap before GC invocations=43 (full 0):
 garbage-first heap   total 137216K, used 66372K [0x0000000705000000, 0x0000000800000000)
  region size 2048K, 3 young (6144K), 1 survivors (2048K)
 Metaspace       used 72377K, committed 72960K, reserved 1114112K
  class space    used 9842K, committed 10112K, reserved 1048576K
}
Event: 24.444 GC heap after
{Heap after GC invocations=44 (full 0):
 garbage-first heap   total 319488K, used 58394K [0x0000000705000000, 0x0000000800000000)
  region size 2048K, 1 young (2048K), 1 survivors (2048K)
 Metaspace       used 72377K, committed 72960K, reserved 1114112K
  class space    used 9842K, committed 10112K, reserved 1048576K
}

Deoptimization events (20 events):
Event: 25.690 Thread 0x000001b08588e4b0 DEOPT PACKING pc=0x000001b094efc414 sp=0x0000004dcd1fde90
Event: 25.690 Thread 0x000001b08588e4b0 DEOPT UNPACKING pc=0x000001b094805ba3 sp=0x0000004dcd1fde50 mode 2
Event: 25.804 Thread 0x000001b08588e4b0 Uncommon trap: trap_request=0xffffffc6 fr.pc=0x000001b0950a8b20 relative=0x00000000000032c0
Event: 25.805 Thread 0x000001b08588e4b0 Uncommon trap: reason=bimorphic_or_optimized_type_check action=maybe_recompile pc=0x000001b0950a8b20 method=org.springframework.beans.factory.support.AbstractBeanFactory.isSingleton(Ljava/lang/String;)Z @ 39 c2
Event: 25.805 Thread 0x000001b08588e4b0 DEOPT PACKING pc=0x000001b0950a8b20 sp=0x0000004dcd1fed90
Event: 25.805 Thread 0x000001b08588e4b0 DEOPT UNPACKING pc=0x000001b094805ba3 sp=0x0000004dcd1fec50 mode 2
Event: 25.892 Thread 0x000001b08588e4b0 Uncommon trap: trap_request=0xffffff45 fr.pc=0x000001b094dbd5f4 relative=0x0000000000000954
Event: 25.892 Thread 0x000001b08588e4b0 Uncommon trap: reason=unstable_if action=reinterpret pc=0x000001b094dbd5f4 method=sun.security.provider.SHA2.implCompress0([BI)V @ 4 c2
Event: 25.892 Thread 0x000001b08588e4b0 DEOPT PACKING pc=0x000001b094dbd5f4 sp=0x0000004dcd1fdab0
Event: 25.892 Thread 0x000001b08588e4b0 DEOPT UNPACKING pc=0x000001b094805ba3 sp=0x0000004dcd1fd9e0 mode 2
Event: 25.911 Thread 0x000001b08588e4b0 Uncommon trap: trap_request=0xffffff45 fr.pc=0x000001b0951db548 relative=0x0000000000000208
Event: 25.911 Thread 0x000001b08588e4b0 Uncommon trap: reason=unstable_if action=reinterpret pc=0x000001b0951db548 method=sun.nio.fs.NativeBuffers.getNativeBufferFromCache(I)Lsun/nio/fs/NativeBuffer; @ 34 c2
Event: 25.911 Thread 0x000001b08588e4b0 DEOPT PACKING pc=0x000001b0951db548 sp=0x0000004dcd1fe150
Event: 25.911 Thread 0x000001b08588e4b0 DEOPT UNPACKING pc=0x000001b094805ba3 sp=0x0000004dcd1fe0f8 mode 2
Event: 25.924 Thread 0x000001b08588e4b0 Uncommon trap: trap_request=0xffffff45 fr.pc=0x000001b094e7340c relative=0x00000000000000ec
Event: 25.924 Thread 0x000001b08588e4b0 Uncommon trap: reason=unstable_if action=reinterpret pc=0x000001b094e7340c method=java.util.ArrayList.indexOfRange(Ljava/lang/Object;II)I @ 7 c2
Event: 25.925 Thread 0x000001b08588e4b0 DEOPT PACKING pc=0x000001b094e7340c sp=0x0000004dcd1fe9e0
Event: 25.925 Thread 0x000001b08588e4b0 DEOPT UNPACKING pc=0x000001b094805ba3 sp=0x0000004dcd1fe960 mode 2
Event: 25.939 Thread 0x000001b08588e4b0 DEOPT PACKING pc=0x000001b08df94956 sp=0x0000004dcd1fea90
Event: 25.939 Thread 0x000001b08588e4b0 DEOPT UNPACKING pc=0x000001b0948066e3 sp=0x0000004dcd1fdf68 mode 0

Classes unloaded (0 events):
No events

Classes redefined (0 events):
No events

Internal exceptions (20 events):
Event: 21.456 Thread 0x000001b0f26abff0 Exception <a 'sun/nio/fs/WindowsException'{0x000000070bee09f0}> (0x000000070bee09f0) 
thrown [s\open\src\hotspot\share\prims\jni.cpp, line 516]
Event: 21.462 Thread 0x000001b0f26abff0 Exception <a 'sun/nio/fs/WindowsException'{0x000000070bee0cd0}> (0x000000070bee0cd0) 
thrown [s\open\src\hotspot\share\prims\jni.cpp, line 516]
Event: 21.467 Thread 0x000001b0f26abff0 Exception <a 'sun/nio/fs/WindowsException'{0x000000070bee1608}> (0x000000070bee1608) 
thrown [s\open\src\hotspot\share\prims\jni.cpp, line 516]
Event: 21.469 Thread 0x000001b0f26abff0 Exception <a 'sun/nio/fs/WindowsException'{0x000000070bee1900}> (0x000000070bee1900) 
thrown [s\open\src\hotspot\share\prims\jni.cpp, line 516]
Event: 21.471 Thread 0x000001b0f26abff0 Exception <a 'sun/nio/fs/WindowsException'{0x000000070bbe5ff0}> (0x000000070bbe5ff0) 
thrown [s\open\src\hotspot\share\prims\jni.cpp, line 516]
Event: 21.473 Thread 0x000001b0f26abff0 Exception <a 'sun/nio/fs/WindowsException'{0x000000070bbe62e0}> (0x000000070bbe62e0) 
thrown [s\open\src\hotspot\share\prims\jni.cpp, line 516]
Event: 23.666 Thread 0x000001b08588e4b0 Exception <a 'sun/nio/fs/WindowsException'{0x0000000712838ed8}> (0x0000000712838ed8) 
thrown [s\open\src\hotspot\share\prims\jni.cpp, line 516]
Event: 23.722 Thread 0x000001b08588e4b0 Exception <a 'java/lang/NoSuchMethodError'{0x00000007128ce9b0}: 'void java.lang.invoke.DirectMethodHandle$Holder.invokeSpecialIFC(java.lang.Object, java.lang.Object, java.lang.Object, java.lang.Object)'> (0x00000007128ce9b0) 
thrown [s\open\src\hotspot\share\interpreter\linkResolver.cpp, line 759]
Event: 24.157 Thread 0x000001b08588e4b0 Implicit null exception at 0x000001b094e162bf to 0x000001b094e16508
Event: 24.157 Thread 0x000001b08588e4b0 Implicit null exception at 0x000001b095014aca to 0x000001b095015332
Event: 24.677 Thread 0x000001b08588e4b0 Implicit null exception at 0x000001b094fce1ec to 0x000001b094fce294
Event: 24.677 Thread 0x000001b08588e4b0 Implicit null exception at 0x000001b094fce1ec to 0x000001b094fce294
Event: 24.774 Thread 0x000001b08588e4b0 Exception <a 'java/lang/NoSuchMethodError'{0x0000000717c4a2a8}: 'void java.lang.invoke.DirectMethodHandle$Holder.invokeVirtual(java.lang.Object, java.lang.Object, long)'> (0x0000000717c4a2a8) 
thrown [s\open\src\hotspot\share\interpreter\linkResolver.cpp, line 759]
Event: 24.912 Thread 0x000001b08588e4b0 Exception <a 'java/lang/NoSuchMethodError'{0x000000071792c8c0}: 'int java.lang.invoke.DirectMethodHandle$Holder.invokeStaticInit(java.lang.Object, java.lang.Object, java.lang.Object, java.lang.Object)'> (0x000000071792c8c0) 
thrown [s\open\src\hotspot\share\interpreter\linkResolver.cpp, line 759]
Event: 24.919 Thread 0x000001b08588e4b0 Implicit null exception at 0x000001b094f97ae7 to 0x000001b094f97f95
Event: 25.376 Thread 0x000001b08588e4b0 Exception <a 'java/lang/NoSuchMethodError'{0x0000000716ae71e0}: 'java.lang.Object java.lang.invoke.DirectMethodHandle$Holder.invokeStaticInit(java.lang.Object, long)'> (0x0000000716ae71e0) 
thrown [s\open\src\hotspot\share\interpreter\linkResolver.cpp, line 759]
Event: 25.612 Thread 0x000001b08588e4b0 Exception <a 'java/lang/IncompatibleClassChangeError'{0x000000071604f3e0}: Found class java.lang.Object, but interface was expected> (0x000000071604f3e0) 
thrown [s\open\src\hotspot\share\interpreter\linkResolver.cpp, line 826]
Event: 25.627 Thread 0x000001b08588e4b0 Implicit null exception at 0x000001b094ee4eba to 0x000001b094ee50ac
Event: 25.814 Thread 0x000001b08588e4b0 Exception <a 'java/lang/NoSuchMethodError'{0x0000000715bf0690}: 'java.lang.Object java.lang.invoke.DirectMethodHandle$Holder.newInvokeSpecial(java.lang.Object, java.lang.Object, int, java.lang.Object, java.lang.Object)'> (0x0000000715bf0690) 
thrown [s\open\src\hotspot\share\interpreter\linkResolver.cpp, line 759]
Event: 25.892 Thread 0x000001b08588e4b0 Implicit null exception at 0x000001b094dbccd3 to 0x000001b094dbd5d8

VM Operations (20 events):
Event: 24.440 Executing VM operation: G1CollectForAllocation
Event: 24.444 Executing VM operation: G1CollectForAllocation done
Event: 24.820 Executing VM operation: HandshakeAllThreads
Event: 24.820 Executing VM operation: HandshakeAllThreads done
Event: 25.293 Executing VM operation: HandshakeAllThreads
Event: 25.293 Executing VM operation: HandshakeAllThreads done
Event: 25.309 Executing VM operation: HandshakeAllThreads
Event: 25.309 Executing VM operation: HandshakeAllThreads done
Event: 25.309 Executing VM operation: HandshakeAllThreads
Event: 25.310 Executing VM operation: HandshakeAllThreads done
Event: 25.310 Executing VM operation: HandshakeAllThreads
Event: 25.310 Executing VM operation: HandshakeAllThreads done
Event: 25.373 Executing VM operation: HandshakeAllThreads
Event: 25.373 Executing VM operation: HandshakeAllThreads done
Event: 25.603 Executing VM operation: ICBufferFull
Event: 25.603 Executing VM operation: ICBufferFull done
Event: 25.825 Executing VM operation: HandshakeAllThreads
Event: 25.825 Executing VM operation: HandshakeAllThreads done
Event: 25.844 Executing VM operation: HandshakeAllThreads
Event: 25.844 Executing VM operation: HandshakeAllThreads done

Events (20 events):
Event: 25.904 loading class java/nio/channels/Pipe$SourceChannel done
Event: 25.904 loading class sun/nio/ch/SourceChannelImpl done
Event: 25.904 loading class sun/nio/ch/SinkChannelImpl
Event: 25.904 loading class java/nio/channels/Pipe$SinkChannel
Event: 25.904 loading class java/nio/channels/Pipe$SinkChannel done
Event: 25.904 loading class sun/nio/ch/SinkChannelImpl done
Event: 25.916 Thread 0x000001b0f26ac500 Thread added: 0x000001b0f26ac500
Event: 25.916 loading class java/nio/channels/spi/AbstractSelector$1
Event: 25.916 loading class java/nio/channels/spi/AbstractSelector$1 done
Event: 25.918 Thread 0x000001b0f26aabb0 Thread added: 0x000001b0f26aabb0
Event: 25.919 loading class java/util/TreeMap$ValueSpliterator
Event: 25.920 loading class java/util/TreeMap$TreeMapSpliterator
Event: 25.920 loading class java/util/TreeMap$TreeMapSpliterator done
Event: 25.920 loading class java/util/TreeMap$ValueSpliterator done
Event: 25.949 loading class java/util/IdentityHashMap$KeySpliterator
Event: 25.949 loading class java/util/IdentityHashMap$IdentityHashMapSpliterator
Event: 25.949 loading class java/util/IdentityHashMap$IdentityHashMapSpliterator done
Event: 25.949 loading class java/util/IdentityHashMap$KeySpliterator done
Event: 25.951 Thread 0x000001b08588e4b0 Thread exited: 0x000001b08588e4b0
Event: 25.951 Thread 0x000001b0f26a7e20 Thread added: 0x000001b0f26a7e20


Dynamic libraries:
0x00007ff7c8dc0000 - 0x00007ff7c8dd0000 	C:\Program Files\Java\jdk-17\bin\java.exe
0x00007ffa3e1d0000 - 0x00007ffa3e3c8000 	C:\Windows\SYSTEM32\ntdll.dll
0x00007ffa3dac0000 - 0x00007ffa3db82000 	C:\Windows\System32\KERNEL32.DLL
0x00007ffa3bd80000 - 0x00007ffa3c07e000 	C:\Windows\System32\KERNELBASE.dll
0x0000000069630000 - 0x00000000696ce000 	C:\ProgramData\Symantec\Symantec Endpoint Protection\14.3.9681.7000.105\Data\Sysfer\x64\sysfer.dll
0x00007ffa3bb60000 - 0x00007ffa3bc60000 	C:\Windows\System32\ucrtbase.dll
0x00007ffa32070000 - 0x00007ffa32089000 	C:\Program Files\Java\jdk-17\bin\jli.dll
0x00007ffa3d890000 - 0x00007ffa3d941000 	C:\Windows\System32\ADVAPI32.dll
0x00007ffa3df20000 - 0x00007ffa3dfbe000 	C:\Windows\System32\msvcrt.dll
0x00007ffa3d1e0000 - 0x00007ffa3d27f000 	C:\Windows\System32\sechost.dll
0x00007ffa3d760000 - 0x00007ffa3d883000 	C:\Windows\System32\RPCRT4.dll
0x00007ffa3c1c0000 - 0x00007ffa3c1e7000 	C:\Windows\System32\bcrypt.dll
0x00007ffa3c380000 - 0x00007ffa3c51d000 	C:\Windows\System32\USER32.dll
0x00007ffa3bd50000 - 0x00007ffa3bd72000 	C:\Windows\System32\win32u.dll
0x00007ffa3def0000 - 0x00007ffa3df1b000 	C:\Windows\System32\GDI32.dll
0x00007ffa3b870000 - 0x00007ffa3b987000 	C:\Windows\System32\gdi32full.dll
0x00007ffa3bcb0000 - 0x00007ffa3bd4d000 	C:\Windows\System32\msvcp_win.dll
0x00007ffa318d0000 - 0x00007ffa318eb000 	C:\Program Files\Java\jdk-17\bin\VCRUNTIME140.dll
0x00007ffa2f600000 - 0x00007ffa2f89a000 	C:\Windows\WinSxS\amd64_microsoft.windows.common-controls_6595b64144ccf1df_6.0.19041.4355_none_60b8b9eb71f62e16\COMCTL32.dll
0x00007ffa3a5b0000 - 0x00007ffa3a5ba000 	C:\Windows\SYSTEM32\VERSION.dll
0x00007ffa3e160000 - 0x00007ffa3e18f000 	C:\Windows\System32\IMM32.DLL
0x0000000067e80000 - 0x000000006810f000 	C:\Program Files (x86)\Privacy-i\PIProtectorAPI64.dll
0x00007ffa3d2f0000 - 0x00007ffa3d75e000 	C:\Windows\System32\SETUPAPI.dll
0x00007ffa3bc60000 - 0x00007ffa3bcae000 	C:\Windows\System32\cfgmgr32.dll
0x00007ffa3ca70000 - 0x00007ffa3d1dd000 	C:\Windows\System32\SHELL32.dll
0x00007ffa3e030000 - 0x00007ffa3e15b000 	C:\Windows\System32\ole32.dll
0x00007ffa3db90000 - 0x00007ffa3dee3000 	C:\Windows\System32\combase.dll
0x00007ffa3d9e0000 - 0x00007ffa3daad000 	C:\Windows\System32\OLEAUT32.dll
0x00007ffa3d280000 - 0x00007ffa3d2eb000 	C:\Windows\System32\WS2_32.dll
0x00007ffa3c520000 - 0x00007ffa3c575000 	C:\Windows\System32\SHLWAPI.dll
0x00007ffa23c30000 - 0x00007ffa23e1c000 	C:\Windows\SYSTEM32\urlmon.dll
0x00007ffa1cd00000 - 0x00007ffa1cda4000 	C:\Windows\SYSTEM32\WINSPOOL.DRV
0x00007ffa3c250000 - 0x00007ffa3c2fd000 	C:\Windows\System32\shcore.dll
0x00007ffa1cc90000 - 0x00007ffa1ccf6000 	C:\Windows\SYSTEM32\OLEACC.dll
0x00007ffa25ca0000 - 0x00007ffa25f5e000 	C:\Windows\SYSTEM32\iertutil.dll
0x00007ffa25c70000 - 0x00007ffa25c98000 	C:\Windows\SYSTEM32\srvcli.dll
0x00007ffa3acd0000 - 0x00007ffa3acdc000 	C:\Windows\SYSTEM32\netutils.dll
0x00007ffa3ab00000 - 0x00007ffa3ab33000 	C:\Windows\SYSTEM32\ntmarta.dll
0x00007ffa391c0000 - 0x00007ffa39964000 	C:\Windows\SYSTEM32\windows.storage.dll
0x00007ffa3b2a0000 - 0x00007ffa3b2ce000 	C:\Windows\SYSTEM32\Wldp.dll
0x00007ffa3b7a0000 - 0x00007ffa3b7c4000 	C:\Windows\SYSTEM32\profapi.dll
0x00007ffa32fb0000 - 0x00007ffa32fbc000 	C:\Program Files\Java\jdk-17\bin\vcruntime140_1.dll
0x00007ffa1c2c0000 - 0x00007ffa1c34e000 	C:\Program Files\Java\jdk-17\bin\msvcp140.dll
0x00007ff993f70000 - 0x00007ff994b50000 	C:\Program Files\Java\jdk-17\bin\server\jvm.dll
0x00007ffa3dab0000 - 0x00007ffa3dab8000 	C:\Windows\System32\PSAPI.DLL
0x00007ffa27bf0000 - 0x00007ffa27bf9000 	C:\Windows\SYSTEM32\WSOCK32.dll
0x00007ffa1cab0000 - 0x00007ffa1cad7000 	C:\Windows\SYSTEM32\WINMM.dll
0x00007ffa3a510000 - 0x00007ffa3a522000 	C:\Windows\SYSTEM32\kernel.appcore.dll
0x00007ffa31970000 - 0x00007ffa3197a000 	C:\Program Files\Java\jdk-17\bin\jimage.dll
0x00007ffa39a90000 - 0x00007ffa39c74000 	C:\Windows\SYSTEM32\DBGHELP.DLL
0x00007ffa31b50000 - 0x00007ffa31b84000 	C:\Windows\SYSTEM32\dbgcore.DLL
0x000001b085380000 - 0x000001b085402000 	C:\Windows\System32\bcryptPrimitives.dll
0x00007ffa30bd0000 - 0x00007ffa30bf5000 	C:\Program Files\Java\jdk-17\bin\java.dll
0x00007ffa09090000 - 0x00007ffa09167000 	C:\Program Files\Java\jdk-17\bin\jsvml.dll
0x00007ffa30b00000 - 0x00007ffa30b19000 	C:\Program Files\Java\jdk-17\bin\net.dll
0x00007ffa33f70000 - 0x00007ffa3407d000 	C:\Windows\SYSTEM32\WINHTTP.dll
0x00007ffa3b000000 - 0x00007ffa3b06a000 	C:\Windows\system32\mswsock.dll
0x00007ffa2ef90000 - 0x00007ffa2efa6000 	C:\Program Files\Java\jdk-17\bin\nio.dll
0x00007ffa31890000 - 0x00007ffa318a8000 	C:\Program Files\Java\jdk-17\bin\zip.dll
0x00007ffa312f0000 - 0x00007ffa31300000 	C:\Program Files\Java\jdk-17\bin\verify.dll
0x00007ffa30aa0000 - 0x00007ffa30aae000 	C:\Program Files\Java\jdk-17\bin\sunmscapi.dll
0x000001b0f0980000 - 0x000001b0f0adc000 	C:\Windows\System32\CRYPT32.dll
0x00007ffa3b310000 - 0x00007ffa3b337000 	C:\Windows\SYSTEM32\ncrypt.dll
0x00007ffa3b2d0000 - 0x00007ffa3b30b000 	C:\Windows\SYSTEM32\NTASN1.dll
0x00007ffa3b1f0000 - 0x00007ffa3b208000 	C:\Windows\SYSTEM32\CRYPTSP.dll
0x00007ffa3a8b0000 - 0x00007ffa3a8e4000 	C:\Windows\system32\rsaenh.dll
0x00007ffa3b720000 - 0x00007ffa3b74e000 	C:\Windows\SYSTEM32\USERENV.dll
0x00007ffa3b210000 - 0x00007ffa3b21c000 	C:\Windows\SYSTEM32\CRYPTBASE.dll
0x00007ffa3ac90000 - 0x00007ffa3accb000 	C:\Windows\SYSTEM32\IPHLPAPI.DLL
0x00007ffa3dfc0000 - 0x00007ffa3dfc8000 	C:\Windows\System32\NSI.dll
0x00007ffa30b40000 - 0x00007ffa30b57000 	C:\Windows\SYSTEM32\dhcpcsvc6.DLL
0x00007ffa30b20000 - 0x00007ffa30b3d000 	C:\Windows\SYSTEM32\dhcpcsvc.DLL
0x00007ffa3ace0000 - 0x00007ffa3adaa000 	C:\Windows\SYSTEM32\DNSAPI.dll
0x00007ffa30bc0000 - 0x00007ffa30bca000 	C:\Program Files\Java\jdk-17\bin\management.dll
0x00007ffa30b80000 - 0x00007ffa30b8b000 	C:\Program Files\Java\jdk-17\bin\management_ext.dll
0x00007ffa30ae0000 - 0x00007ffa30aea000 	C:\Windows\System32\rasadhlp.dll
0x00007ffa2faa0000 - 0x00007ffa2fb20000 	C:\Windows\System32\fwpuclnt.dll
0x00007ffa1dae0000 - 0x00007ffa1dae7000 	C:\Windows\system32\wshunix.dll

dbghelp: loaded successfully - version: 4.0.5 - missing functions: none
symbol engine: initialized successfully - sym options: 0x614 - pdb path: .;C:\Program Files\Java\jdk-17\bin;C:\Windows\SYSTEM32;C:\ProgramData\Symantec\Symantec Endpoint Protection\14.3.9681.7000.105\Data\Sysfer\x64;C:\Windows\WinSxS\amd64_microsoft.windows.common-controls_6595b64144ccf1df_6.0.19041.4355_none_60b8b9eb71f62e16;C:\Program Files (x86)\Privacy-i;C:\Program Files\Java\jdk-17\bin\server

VM Arguments:
jvm_args: -Dfile.encoding=UTF-8 -Duser.country=KR -Duser.language=ko -Duser.variant 
java_command: com.intern.onesync.OnesyncApplication
java_class_path (initial): C:\Users\user\Desktop\hwee\onesync\build\classes\java\main;C:\Users\user\Desktop\hwee\onesync\build\resources\main;C:\Users\user\.gradle\caches\modules-2\files-2.1\org.springframework.boot\spring-boot-starter-oauth2-authorization-server\3.3.6\30f924f610bfae8da952906e1f4ffe91b904876e\spring-boot-starter-oauth2-authorization-server-3.3.6.jar;C:\Users\user\.gradle\caches\modules-2\files-2.1\org.springframework.security\spring-security-oauth2-authorization-server\1.3.3\244c95740d3ae26dec12b11d06830bab9ead95b6\spring-security-oauth2-authorization-server-1.3.3.jar;C:\Users\user\.gradle\caches\modules-2\files-2.1\org.springframework.boot\spring-boot-starter-oauth2-client\3.3.6\1eeb5ee8b77a6d9687beca82b21bfc8aa4548cea\spring-boot-starter-oauth2-client-3.3.6.jar;C:\Users\user\.gradle\caches\modules-2\files-2.1\org.springframework.security\spring-security-oauth2-jose\6.3.5\c05a09394d281db7031861d428a69af164f22325\spring-security-oauth2-jose-6.3.5.jar;C:\Users\user\.gradle\caches\modules-2\files-2.1\org.springframework.security\spring-security-oauth2-client\6.3.5\f1ef06d94e196f810a82379f645c2174bab76452\spring-security-oauth2-client-6.3.5.jar;C:\Users\user\.gradle\caches\modules-2\files-2.1\com.nimbusds\oauth2-oidc-sdk\9.43.4\a07529930dbea9b469d1feeb5bc9cde899cf6e60\oauth2-oidc-sdk-9.43.4.jar;C:\Users\user\.gradle\caches\modules-2\files-2.1\com.nimbusds\nimbus-jose-jwt\9.31\229ba7b31d1f886968896c48aeeba5a1586b00bc\nimbus-jose-jwt-9.31.jar;C:\Users\user\.gradle\caches\modules-2\files-2.1\org.springframework.boot\spring-boot-starter-thymeleaf\3.3.6\4ce45749894c6ba91d08d10d31ab56331db563b6\spring-boot-starter-thymeleaf-3.3.6.jar;C:\Users\user\.gradle\caches\modules-2\files-2.1\org.springdoc\springdoc-openapi-starter-webmvc-ui\2.0.2\264da79c9d4a53feab8c5c6d0e0cb143bd099d4\springdoc-openapi-starter-webmvc-ui-2.0.2.jar;C:\Users\user\.gradle\caches\modules-2\files-2.1\org.springdoc\springdoc-openapi-starter-webmvc-api\2.0.2\479a5cd03969a22d9f8b819ef92c544
Launcher Type: SUN_STANDARD

[Global flags]
     intx CICompilerCount                          = 4                                         {product} {ergonomic}
     uint ConcGCThreads                            = 2                                         {product} {ergonomic}
     uint G1ConcRefinementThreads                  = 8                                         {product} {ergonomic}
   size_t G1HeapRegionSize                         = 2097152                                   {product} {ergonomic}
    uintx GCDrainStackTargetSize                   = 64                                        {product} {ergonomic}
   size_t InitialHeapSize                          = 264241152                                 {product} {ergonomic}
   size_t MarkStackSize                            = 4194304                                   {product} {ergonomic}
   size_t MaxHeapSize                              = 4211081216                                {product} {ergonomic}
   size_t MaxNewSize                               = 2524971008                                {product} {ergonomic}
   size_t MinHeapDeltaBytes                        = 2097152                                   {product} {ergonomic}
   size_t MinHeapSize                              = 8388608                                   {product} {ergonomic}
    uintx NonNMethodCodeHeapSize                   = 5839372                                {pd product} {ergonomic}
    uintx NonProfiledCodeHeapSize                  = 122909434                              {pd product} {ergonomic}
    uintx ProfiledCodeHeapSize                     = 122909434                              {pd product} {ergonomic}
    uintx ReservedCodeCacheSize                    = 251658240                              {pd product} {ergonomic}
     bool SegmentedCodeCache                       = true                                      {product} {ergonomic}
   size_t SoftMaxHeapSize                          = 4211081216                             {manageable} {ergonomic}
     bool UseCompressedClassPointers               = true                           {product lp64_product} {ergonomic}
     bool UseCompressedOops                        = true                           {product lp64_product} {ergonomic}
     bool UseG1GC                                  = true                                      {product} {ergonomic}
     bool UseLargePagesIndividualAllocation        = false                                  {pd product} {ergonomic}

Logging:
Log output configuration:
 #0: stdout all=warning uptime,level,tags
 #1: stderr all=off uptime,level,tags

Environment Variables:
JAVA_HOME=C:\Program Files\Java\jdk-17
PATH=C:\Program Files\Common Files\Oracle\Java\javapath;C:\Windows\system32;C:\Windows;C:\Windows\System32\Wbem;C:\Windows\System32\WindowsPowerShell\v1.0\;C:\Windows\System32\OpenSSH\;C:\Program Files\TortoiseSVN\bin;C:\Program Files\dotnet\;C:\Program Files\Git\cmd;C:\Program Files\nodejs\;C:\Users\user\AppData\Local\Microsoft\WindowsApps;C:\Program Files\JetBrains\IntelliJ IDEA Community Edition 2024.3.1\bin;;C:\Users\user\AppData\Roaming\npm;C:\Users\user\AppData\Local\Programs\Microsoft VS Code\bin
USERNAME=user
OS=Windows_NT
PROCESSOR_IDENTIFIER=Intel64 Family 6 Model 140 Stepping 1, GenuineIntel



---------------  S Y S T E M  ---------------

OS:
 Windows 10 , 64 bit Build 19041 (10.0.19041.5198)
OS uptime: 6 days 5:51 hours

CPU: total 8 (initial active 8) (4 cores per cpu, 2 threads per core) family 6 model 140 stepping 1 microcode 0xb4, cx8, cmov, fxsr, ht, mmx, 3dnowpref, sse, sse2, sse3, ssse3, sse4.1, sse4.2, popcnt, lzcnt, tsc, tscinvbit, avx, avx2, aes, erms, clmul, bmi1, bmi2, adx, avx512f, avx512dq, avx512cd, avx512bw, avx512vl, sha, fma, vzeroupper, avx512_vpopcntdq, avx512_vpclmulqdq, avx512_vaes, avx512_vnni, clflush, clflushopt, clwb, avx512_vbmi2, avx512_vbmi

Memory: 4k page, system-wide physical 16057M (757M free)
TotalPageFile size 44218M (AvailPageFile size 21M)
current process WorkingSet (physical memory assigned to process): 426M, peak: 430M
current process commit charge ("private bytes"): 600M, peak: 606M

vm_info: Java HotSpot(TM) 64-Bit Server VM (17.0.12+8-LTS-286) for windows-amd64 JRE (17.0.12+8-LTS-286), built on Jun  5 2024 06:46:59 by "mach5one" with MS VC++ 17.6 (VS2022)

END.
